<?xml version="1.0" encoding="UTF-8"?>
<!-- Generated by org.testng.reporters.JUnitReportReporter -->
<testsuite hostname="MSI" failures="0" tests="5" name="testsuite.DateTimeHandle" time="0.062" errors="0" timestamp="2024-03-16T20:27:04 ICT" skipped="0">
  <testcase classname="testsuite.DateTimeHandle" name="getCurrentMonth" time="0.002"/>
  <system-out/>
  <testcase classname="testsuite.DateTimeHandle" name="getNext1MonthFromCurrentMonth1" time="0.002"/>
  <system-out/>
  <testcase classname="testsuite.DateTimeHandle" name="getWeekWithSpecialFormat" time="0.001"/>
  <system-out/>
  <testcase classname="testsuite.DateTimeHandle" name="getNext7DaysOfCurrentDateTime" time="0.001"/>
  <system-out/>
  <testcase classname="testsuite.DateTimeHandle" name="getCurrentDateTime" time="0.056"/>
  <system-out/>
</testsuite> <!-- testsuite.DateTimeHandle -->
