<?xml version="1.0" encoding="UTF-8"?>
<!-- Generated by org.testng.reporters.JUnitReportReporter -->
<testsuite hostname="MSI" failures="0" tests="10" name="testsuite.Testtask" time="48.382" errors="0" timestamp="2024-04-19T19:55:35 ICT" skipped="0">
  <testcase classname="testsuite.Testtask" name="Relatedto" time="8.193"/>
  <system-out/>
  <testcase classname="testsuite.Testtask" name="Milestone" time="3.440"/>
  <system-out/>
  <testcase classname="testsuite.Testtask" name="Member" time="3.505"/>
  <system-out/>
  <testcase classname="testsuite.Testtask" name="Priority" time="3.508"/>
  <system-out/>
  <testcase classname="testsuite.Testtask" name="Label" time="3.504"/>
  <system-out/>
  <testcase classname="testsuite.Testtask" name="Expired" time="3.447"/>
  <system-out/>
  <testcase classname="testsuite.Testtask" name="Today" time="6.512"/>
  <system-out/>
  <testcase classname="testsuite.Testtask" name="Tomorrow" time="5.354"/>
  <system-out/>
  <testcase classname="testsuite.Testtask" name="day7" time="5.373"/>
  <system-out/>
  <testcase classname="testsuite.Testtask" name="Staus" time="5.546"/>
  <system-out/>
</testsuite> <!-- testsuite.Testtask -->
