<?xml version="1.0" encoding="UTF-8"?>
<!-- Generated by org.testng.reporters.JUnitReportReporter -->
<testsuite hostname="MSI" failures="0" tests="5" name="testsuite.Testevent" time="9.266" errors="0" timestamp="2024-03-23T09:00:30 ICT" skipped="0">
  <testcase classname="testsuite.Testevent" name="addeventsuccess" time="7.017"/>
  <system-out/>
  <testcase classname="testsuite.Testevent" name="deleteeventsuccess" time="1.828"/>
  <system-out/>
  <testcase classname="testsuite.Testevent" name="TextMonth" time="0.153"/>
  <system-out/>
  <testcase classname="testsuite.Testevent" name="Textweek" time="0.144"/>
  <system-out/>
  <testcase classname="testsuite.Testevent" name="Textday" time="0.124"/>
  <system-out/>
</testsuite> <!-- testsuite.Testevent -->
