<?xml version="1.0" encoding="UTF-8"?>
<!-- Generated by org.testng.reporters.JUnitReportReporter -->
<testsuite hostname="MSI" failures="0" tests="1" name="testsuite.Testevent" time="7.690" errors="0" timestamp="2024-04-18T10:31:11 ICT" skipped="0">
  <testcase classname="testsuite.Testevent" name="filterTask" time="7.690"/>
  <system-out/>
</testsuite> <!-- testsuite.Testevent -->
