<?xml version="1.0" encoding="UTF-8"?>
<!-- Generated by org.testng.reporters.JUnitReportReporter -->
<testsuite hostname="MSI" failures="0" tests="3" name="testsuite.windowspop_ExplicitWai" time="10.792" errors="0" timestamp="2023-07-27T18:56:21 ICT" skipped="0">
  <testcase classname="testsuite.windowspop_ExplicitWai" name="testalert" time="3.408"/>
  <system-out/>
  <testcase classname="testsuite.windowspop_ExplicitWai" name="testalert" time="3.338"/>
  <system-out/>
  <testcase classname="testsuite.windowspop_ExplicitWai" name="testalert" time="4.046"/>
  <system-out/>
</testsuite> <!-- testsuite.windowspop_ExplicitWai -->
