<?xml version="1.0" encoding="UTF-8"?>
<!-- Generated by org.testng.reporters.JUnitReportReporter -->
<testsuite hostname="MSI" failures="0" tests="2" name="testsuite.Client" time="12.052" errors="0" timestamp="2024-04-17T21:11:30 ICT" skipped="0">
  <testcase classname="testsuite.Client" name="filterClientgroup" time="8.740"/>
  <system-out/>
  <testcase classname="testsuite.Client" name="filterlabel" time="3.312"/>
  <system-out/>
</testsuite> <!-- testsuite.Client -->
