<?xml version="1.0" encoding="UTF-8"?>
<!-- Generated by org.testng.reporters.JUnitReportReporter -->
<testsuite hostname="MSI" failures="0" tests="1" name="testsuite.Uploadfile" time="3.163" errors="0" timestamp="2024-04-04T20:41:56 ICT" skipped="0">
  <testcase classname="testsuite.Uploadfile" name="uploadfile" time="3.163"/>
  <system-out/>
</testsuite> <!-- testsuite.Uploadfile -->
